#
# There is insufficient memory for the Java Runtime Environment to continue.
# Native memory allocation (mmap) failed to map 132120576 bytes for Failed to commit area from 0x0000000082600000 to 0x000000008a400000 of length 132120576.
# Possible reasons:
#   The system is out of physical RAM or swap space
#   The process is running with CompressedOops enabled, and the Java Heap may be blocking the growth of the native heap
# Possible solutions:
#   Reduce memory load on the system
#   Increase physical memory or swap space
#   Check if swap backing store is full
#   Decrease Java heap size (-Xmx/-Xms)
#   Decrease number of Java threads
#   Decrease Java thread stack sizes (-Xss)
#   Set larger code cache with -XX:ReservedCodeCacheSize=
# This output file may be truncated or incomplete.
#
#  Out of Memory Error (./src/hotspot/os/windows/os_windows.cpp:3303), pid=14392, tid=24000
#
# JRE version:  (11.0.8+10) (build )
# Java VM: OpenJDK 64-Bit Server VM (11.0.8+10-b944.34, mixed mode, sharing, tiered, compressed oops, g1 gc, windows-amd64)
# No core dump will be written. Minidumps are not enabled by default on client versions of Windows
#

---------------  S U M M A R Y ------------

Command Line: org.jetbrains.git4idea.http.GitAskPassApp Username for 'https://github.com': 

Host: Intel(R) Core(TM) i5-8300H CPU @ 2.30GHz, 8 cores, 7G,  Windows 10 , 64 bit Build 18362 (10.0.18362.1316)
Time: Wed Feb 10 21:52:16 2021 Nepal Standard Time elapsed time: 0 seconds (0d 0h 0m 0s)

---------------  T H R E A D  ---------------

Current thread (0x000001c224d7c000):  JavaThread "Unknown thread" [_thread_in_vm, id=24000, stack(0x000000a5cd400000,0x000000a5cd500000)]

Stack: [0x000000a5cd400000,0x000000a5cd500000]
Native frames: (J=compiled Java code, j=interpreted, Vv=VM code, C=native code)
V  [jvm.dll+0x5de35a]
V  [jvm.dll+0x712355]
V  [jvm.dll+0x7138ad]
V  [jvm.dll+0x713f63]
V  [jvm.dll+0x23e628]
V  [jvm.dll+0x5db804]
V  [jvm.dll+0x5d0925]
V  [jvm.dll+0x2faf9b]
V  [jvm.dll+0x2faf0a]
V  [jvm.dll+0x2fade2]
V  [jvm.dll+0x2ffcb6]
V  [jvm.dll+0x3483a3]
V  [jvm.dll+0x348aa6]
V  [jvm.dll+0x3484a3]
V  [jvm.dll+0x2d5be8]
V  [jvm.dll+0x2d6d87]
V  [jvm.dll+0x6f10e7]
V  [jvm.dll+0x6f28dc]
V  [jvm.dll+0x3558f9]
V  [jvm.dll+0x6d492e]
V  [jvm.dll+0x3bdad3]
V  [jvm.dll+0x3bfd01]
C  [jli.dll+0x5373]
C  [ucrtbase.dll+0x210b2]
C  [KERNEL32.DLL+0x17c24]
C  [ntdll.dll+0x6d4d1]


---------------  P R O C E S S  ---------------

Threads class SMR info:
_java_thread_list=0x000001c224ca7b00, length=0, elements={
}

Java Threads: ( => current thread )

Other Threads:
  0x000001c226e15800 GCTaskThread "GC Thread#0" [stack: 0x000000a5cd500000,0x000000a5cd600000] [id=2060]
  0x000001c226e46800 ConcurrentGCThread "G1 Main Marker" [stack: 0x000000a5cd600000,0x000000a5cd700000] [id=16004]
  0x000001c226e48000 ConcurrentGCThread "G1 Conc#0" [stack: 0x000000a5cd700000,0x000000a5cd800000] [id=1504]

[error occurred during error reporting (printing all threads), id 0xc0000005, EXCEPTION_ACCESS_VIOLATION (0xc0000005) at pc=0x00007ffd5e3160c7]

VM state:not at safepoint (not fully initialized)

VM Mutex/Monitor currently owned by a thread:  ([mutex/lock_event])
[0x000001c226dffbc0] Heap_lock - owner thread: 0x000001c224d7c000

Heap address: 0x0000000082600000, size: 2010 MB, Compressed Oops mode: Non-zero based: 0x0000000082600000
Narrow klass base: 0x0000000000000000, Narrow klass shift: 0

GC Heap History (0 events):
No events

Deoptimization events (0 events):
No events

Classes redefined (0 events):
No events

Internal exceptions (0 events):
No events

Events (1 events):
Event: 0.012 Loaded shared library C:\Users\Aabiskar Pandey\AppData\Local\JetBrains\Toolbox\apps\PhpStorm\ch-0\202.7660.42\jbr\bin\zip.dll


Dynamic libraries:
0x00007ff790330000 - 0x00007ff79033a000 	C:\Users\Aabiskar Pandey\AppData\Local\JetBrains\Toolbox\apps\PhpStorm\ch-0\202.7660.42\jbr\bin\java.exe
0x00007ffdca400000 - 0x00007ffdca5f0000 	C:\Windows\SYSTEM32\ntdll.dll
0x00007ffdc8d20000 - 0x00007ffdc8dd2000 	C:\Windows\System32\KERNEL32.DLL
0x00007ffdc7400000 - 0x00007ffdc76a5000 	C:\Windows\System32\KERNELBASE.dll
0x00007ffdc7c10000 - 0x00007ffdc7d0a000 	C:\Windows\System32\ucrtbase.dll
0x00007ffdb4aa0000 - 0x00007ffdb4ab7000 	C:\Users\Aabiskar Pandey\AppData\Local\JetBrains\Toolbox\apps\PhpStorm\ch-0\202.7660.42\jbr\bin\VCRUNTIME140.dll
0x00007ffda7850000 - 0x00007ffda7869000 	C:\Users\Aabiskar Pandey\AppData\Local\JetBrains\Toolbox\apps\PhpStorm\ch-0\202.7660.42\jbr\bin\jli.dll
0x00007ffdc9010000 - 0x00007ffdc91a4000 	C:\Windows\System32\USER32.dll
0x00007ffdc73d0000 - 0x00007ffdc73f1000 	C:\Windows\System32\win32u.dll
0x00007ffdb82d0000 - 0x00007ffdb8554000 	C:\Windows\WinSxS\amd64_microsoft.windows.common-controls_6595b64144ccf1df_6.0.18362.1316_none_9e7a364fe461dbd7\COMCTL32.dll
0x00007ffdc9280000 - 0x00007ffdc92a6000 	C:\Windows\System32\GDI32.dll
0x00007ffdca110000 - 0x00007ffdca1ae000 	C:\Windows\System32\msvcrt.dll
0x00007ffdc76b0000 - 0x00007ffdc7848000 	C:\Windows\System32\gdi32full.dll
0x00007ffdc8730000 - 0x00007ffdc8a67000 	C:\Windows\System32\combase.dll
0x00007ffdc78b0000 - 0x00007ffdc794e000 	C:\Windows\System32\msvcp_win.dll
0x00007ffdc8ef0000 - 0x00007ffdc900f000 	C:\Windows\System32\RPCRT4.dll
0x00007ffdc7950000 - 0x00007ffdc79d1000 	C:\Windows\System32\bcryptPrimitives.dll
0x00007ffdc8e60000 - 0x00007ffdc8e8e000 	C:\Windows\System32\IMM32.DLL
0x00007ffd97450000 - 0x00007ffd974ed000 	C:\Users\Aabiskar Pandey\AppData\Local\JetBrains\Toolbox\apps\PhpStorm\ch-0\202.7660.42\jbr\bin\msvcp140.dll
0x00007ffd5e030000 - 0x00007ffd5eaed000 	C:\Users\Aabiskar Pandey\AppData\Local\JetBrains\Toolbox\apps\PhpStorm\ch-0\202.7660.42\jbr\bin\server\jvm.dll
0x00007ffdc92b0000 - 0x00007ffdc9353000 	C:\Windows\System32\ADVAPI32.dll
0x00007ffdc8a70000 - 0x00007ffdc8b07000 	C:\Windows\System32\sechost.dll
0x00007ffdc9b90000 - 0x00007ffdc9b98000 	C:\Windows\System32\PSAPI.DLL
0x00007ffda65a0000 - 0x00007ffda65a9000 	C:\Windows\SYSTEM32\WSOCK32.dll
0x00007ffdb9460000 - 0x00007ffdb9484000 	C:\Windows\SYSTEM32\WINMM.dll
0x00007ffdc93d0000 - 0x00007ffdc943f000 	C:\Windows\System32\WS2_32.dll
0x00007ffdc1af0000 - 0x00007ffdc1afa000 	C:\Windows\SYSTEM32\VERSION.dll
0x00007ffdb94d0000 - 0x00007ffdb94fd000 	C:\Windows\SYSTEM32\winmmbase.dll
0x00007ffdc7380000 - 0x00007ffdc73ca000 	C:\Windows\System32\cfgmgr32.dll
0x00007ffdc7360000 - 0x00007ffdc7371000 	C:\Windows\System32\kernel.appcore.dll
0x00007ffdc1ee0000 - 0x00007ffdc1ef1000 	C:\Users\Aabiskar Pandey\AppData\Local\JetBrains\Toolbox\apps\PhpStorm\ch-0\202.7660.42\jbr\bin\verify.dll
0x00007ffdbfc40000 - 0x00007ffdbfe34000 	C:\Windows\SYSTEM32\DBGHELP.DLL
0x00007ffdbfb30000 - 0x00007ffdbfb5a000 	C:\Windows\SYSTEM32\dbgcore.DLL
0x00007ffdb4ad0000 - 0x00007ffdb4af9000 	C:\Users\Aabiskar Pandey\AppData\Local\JetBrains\Toolbox\apps\PhpStorm\ch-0\202.7660.42\jbr\bin\java.dll
0x00007ffdc3190000 - 0x00007ffdc319b000 	C:\Users\Aabiskar Pandey\AppData\Local\JetBrains\Toolbox\apps\PhpStorm\ch-0\202.7660.42\jbr\bin\jimage.dll
0x00007ffdbcc00000 - 0x00007ffdbcc18000 	C:\Users\Aabiskar Pandey\AppData\Local\JetBrains\Toolbox\apps\PhpStorm\ch-0\202.7660.42\jbr\bin\zip.dll

dbghelp: loaded successfully - version: 4.0.5 - missing functions: none
symbol engine: initialized successfully - sym options: 0x614 - pdb path: .;C:\Users\Aabiskar Pandey\AppData\Local\JetBrains\Toolbox\apps\PhpStorm\ch-0\202.7660.42\jbr\bin;C:\Windows\SYSTEM32;C:\Windows\WinSxS\amd64_microsoft.windows.common-controls_6595b64144ccf1df_6.0.18362.1316_none_9e7a364fe461dbd7;C:\Users\Aabiskar Pandey\AppData\Local\JetBrains\Toolbox\apps\PhpStorm\ch-0\202.7660.42\jbr\bin\server

VM Arguments:
java_command: org.jetbrains.git4idea.http.GitAskPassApp Username for 'https://github.com': 
java_class_path (initial): C:/Users/Aabiskar Pandey/AppData/Local/JetBrains/Toolbox/apps/PhpStorm/ch-0/202.7660.42/plugins/git4idea/lib/git4idea-rt.jar;C:/Users/Aabiskar Pandey/AppData/Local/JetBrains/Toolbox/apps/PhpStorm/ch-0/202.7660.42/lib/xmlrpc-2.0.1.jar;C:/Users/Aabiskar Pandey/AppData/Local/JetBrains/Toolbox/apps/PhpStorm/ch-0/202.7660.42/lib/commons-codec-1.14.jar
Launcher Type: SUN_STANDARD

[Global flags]
     intx CICompilerCount                          = 4                                         {product} {ergonomic}
     uint ConcGCThreads                            = 2                                         {product} {ergonomic}
     uint G1ConcRefinementThreads                  = 8                                         {product} {ergonomic}
   size_t G1HeapRegionSize                         = 1048576                                   {product} {ergonomic}
    uintx GCDrainStackTargetSize                   = 64                                        {product} {ergonomic}
   size_t InitialHeapSize                          = 132120576                                 {product} {ergonomic}
   size_t MarkStackSize                            = 4194304                                   {product} {ergonomic}
   size_t MaxHeapSize                              = 2107637760                                {product} {ergonomic}
   size_t MinHeapDeltaBytes                        = 1048576                                   {product} {ergonomic}
    uintx NonNMethodCodeHeapSize                   = 5836300                                {pd product} {ergonomic}
    uintx NonProfiledCodeHeapSize                  = 122910970                              {pd product} {ergonomic}
    uintx ProfiledCodeHeapSize                     = 122910970                              {pd product} {ergonomic}
    uintx ReservedCodeCacheSize                    = 251658240                              {pd product} {ergonomic}
     bool SegmentedCodeCache                       = true                                      {product} {ergonomic}
     bool UseCompressedClassPointers               = true                                 {lp64_product} {ergonomic}
     bool UseCompressedOops                        = true                                 {lp64_product} {ergonomic}
     bool UseG1GC                                  = true                                      {product} {ergonomic}
     bool UseLargePagesIndividualAllocation        = false                                  {pd product} {ergonomic}

Logging:
Log output configuration:
 #0: stdout all=warning uptime,level,tags
 #1: stderr all=off uptime,level,tags

Environment Variables:
PATH=C:\Program Files\Git\mingw64\libexec\git-core;C:\Program Files\Git\mingw64\libexec\git-core;C:\Program Files\Git\mingw64\bin;C:\Program Files\Git\usr\bin;C:\Users\Aabiskar Pandey\bin;C:\Program Files (x86)\Common Files\Intel\Shared Libraries\redist\intel64\compiler;C:\Program Files (x86)\Intel\Intel(R) Management Engine Components\iCLS;C:\Program Files\Intel\Intel(R) Management Engine Components\iCLS;C:\Windows\system32;C:\Windows;C:\Windows\System32\Wbem;C:\Windows\System32\WindowsPowerShell\v1.0;C:\Windows\System32\OpenSSH;C:\Program Files (x86)\Intel\Intel(R) Management Engine Components\DAL;C:\Program Files\Intel\Intel(R) Management Engine Components\DAL;C:\Program Files (x86)\Intel\Intel(R) Management Engine Components\IPT;C:\Program Files\Intel\Intel(R) Management Engine Components\IPT;C:\Program Files\Git\cmd;C:\Program Files\dotnet;C:\Program Files\Microsoft SQL Server\130\Tools\Binn;C:\Program Files\Microsoft SQL Server\Client SDK\ODBC\170\Tools\Binn;C:\xampp\php;C:\ProgramData\ComposerSetup\bin;C:\Windows\system32\config\systemprofile\AppData\Roaming\Composer\vendor\bin;C:\Program Files\nodejs;C:\Users\Aabiskar Pandey\AppData\Local\Microsoft\WindowsApps;C:\Users\Aabiskar Pandey\AppData\Local\Programs\Microsoft VS Code\bin;C:\Users\Aabiskar Pandey\.dotnet\tools;C:\Users\Aabiskar Pandey\AppData\Roaming\Composer\vendor\bin;C:\Users\Aabiskar Pandey\AppData\Roaming\npm
USERNAME=Aabiskar Pandey
DISPLAY=:0.0
LC_ALL=en_US.UTF-8
OS=Windows_NT
PROCESSOR_IDENTIFIER=Intel64 Family 6 Model 158 Stepping 10, GenuineIntel



---------------  S Y S T E M  ---------------

OS: Windows 10 , 64 bit Build 18362 (10.0.18362.1316)
OS uptime: 23 days 0:46 hours

CPU:total 8 (initial active 8) (4 cores per cpu, 2 threads per core) family 6 model 158 stepping 10, cmov, cx8, fxsr, mmx, sse, sse2, sse3, ssse3, sse4.1, sse4.2, popcnt, avx, avx2, aes, clmul, erms, 3dnowpref, lzcnt, ht, tsc, tscinvbit, bmi1, bmi2, adx, fma

Memory: 4k page, system-wide physical 8034M (233M free)
TotalPageFile size 32610M (AvailPageFile size 109M)
current process WorkingSet (physical memory assigned to process): 9M, peak: 9M
current process commit charge ("private bytes"): 60M, peak: 186M

vm_info: OpenJDK 64-Bit Server VM (11.0.8+10-b944.34) for windows-amd64 JRE (11.0.8+10-b944.34), built on Sep 11 2020 15:32:11 by "" with MS VC++ 14.0 (VS2015)

END.
